<?xml version="1.0" encoding="UTF-8"?>
<testsuite name="com.polarbookshop.catalogservice.web.BookJsonTests" tests="2" skipped="0" failures="0" errors="0" timestamp="2025-09-14T18:20:03.292Z" hostname="mac.home" time="0.022">
  <properties/>
  <testcase name="testSerialize()" classname="com.polarbookshop.catalogservice.web.BookJsonTests" time="0.01"/>
  <testcase name="testDeserialize()" classname="com.polarbookshop.catalogservice.web.BookJsonTests" time="0.011"/>
  <system-out><![CDATA[2025-09-14T20:20:03.234+02:00  INFO 49591 --- [    Test worker] t.c.s.AnnotationConfigContextLoaderUtils : Could not detect default configuration classes for test class [com.polarbookshop.catalogservice.web.BookJsonTests]: BookJsonTests does not declare any static, non-private, non-final, nested classes annotated with @Configuration.
2025-09-14T20:20:03.237+02:00  INFO 49591 --- [    Test worker] .b.t.c.SpringBootTestContextBootstrapper : Found @SpringBootConfiguration com.polarbookshop.catalogservice.CatalogServiceApplication for test class com.polarbookshop.catalogservice.web.BookJsonTests

  .   ____          _            __ _ _
 /\\ / ___'_ __ _ _(_)_ __  __ _ \ \ \ \
( ( )\___ | '_ | '_| | '_ \/ _` | \ \ \ \
 \\/  ___)| |_)| | | | | || (_| |  ) ) ) )
  '  |____| .__|_| |_|_| |_\__, | / / / /
 =========|_|==============|___/=/_/_/_/

 :: Spring Boot ::                (v3.5.5)

2025-09-14T20:20:03.251+02:00  INFO 49591 --- [    Test worker] c.p.catalogservice.web.BookJsonTests     : Starting BookJsonTests using Java 17.0.14 with PID 49591 (started by karim in /Users/karim/IdeaProjects/catalog-service)
2025-09-14T20:20:03.251+02:00  INFO 49591 --- [    Test worker] c.p.catalogservice.web.BookJsonTests     : No active profile set, falling back to 1 default profile: "default"
2025-09-14T20:20:03.289+02:00  INFO 49591 --- [    Test worker] c.p.catalogservice.web.BookJsonTests     : Started BookJsonTests in 0.051 seconds (process running for 1.726)
]]></system-out>
  <system-err><![CDATA[]]></system-err>
</testsuite>
