<?xml version="1.0" encoding="UTF-8"?>
<testsuite name="com.polarbookshop.catalogservice.CatalogServiceApplicationTests" tests="1" skipped="0" failures="0" errors="0" timestamp="2025-09-15T22:25:54.070Z" hostname="mac.home" time="0.457">
  <properties/>
  <testcase name="whenPostRequestThenBookCreated()" classname="com.polarbookshop.catalogservice.CatalogServiceApplicationTests" time="0.457"/>
  <system-out><![CDATA[00:25:53.403 [Test worker] INFO org.springframework.test.context.support.AnnotationConfigContextLoaderUtils -- Could not detect default configuration classes for test class [com.polarbookshop.catalogservice.CatalogServiceApplicationTests]: CatalogServiceApplicationTests does not declare any static, non-private, non-final, nested classes annotated with @Configuration.
00:25:53.435 [Test worker] INFO org.springframework.boot.test.context.SpringBootTestContextBootstrapper -- Found @SpringBootConfiguration com.polarbookshop.catalogservice.CatalogServiceApplication for test class com.polarbookshop.catalogservice.CatalogServiceApplicationTests

  .   ____          _            __ _ _
 /\\ / ___'_ __ _ _(_)_ __  __ _ \ \ \ \
( ( )\___ | '_ | '_| | '_ \/ _` | \ \ \ \
 \\/  ___)| |_)| | | | | || (_| |  ) ) ) )
  '  |____| .__|_| |_|_| |_\__, | / / / /
 =========|_|==============|___/=/_/_/_/

 :: Spring Boot ::                (v3.5.5)

2025-09-16T00:25:53.564+02:00  INFO 55441 --- [    Test worker] c.p.c.CatalogServiceApplicationTests     : Starting CatalogServiceApplicationTests using Java 17.0.14 with PID 55441 (started by karim in /Users/karim/IdeaProjects/catalog-service)
2025-09-16T00:25:53.564+02:00  INFO 55441 --- [    Test worker] c.p.c.CatalogServiceApplicationTests     : No active profile set, falling back to 1 default profile: "default"
2025-09-16T00:25:53.826+02:00  INFO 55441 --- [    Test worker] o.s.b.w.embedded.tomcat.TomcatWebServer  : Tomcat initialized with port 0 (http)
2025-09-16T00:25:53.832+02:00  INFO 55441 --- [    Test worker] o.apache.catalina.core.StandardService   : Starting service [Tomcat]
2025-09-16T00:25:53.832+02:00  INFO 55441 --- [    Test worker] o.apache.catalina.core.StandardEngine    : Starting Servlet engine: [Apache Tomcat/10.1.44]
2025-09-16T00:25:53.851+02:00  INFO 55441 --- [    Test worker] o.a.c.c.C.[Tomcat].[localhost].[/]       : Initializing Spring embedded WebApplicationContext
2025-09-16T00:25:53.852+02:00  INFO 55441 --- [    Test worker] w.s.c.ServletWebServerApplicationContext : Root WebApplicationContext: initialization completed in 281 ms
2025-09-16T00:25:54.042+02:00  INFO 55441 --- [    Test worker] o.s.b.w.embedded.tomcat.TomcatWebServer  : Tomcat started on port 62547 (http) with context path '/'
2025-09-16T00:25:54.046+02:00  INFO 55441 --- [    Test worker] c.p.c.CatalogServiceApplicationTests     : Started CatalogServiceApplicationTests in 0.573 seconds (process running for 0.902)
2025-09-16T00:25:54.381+02:00 ERROR 55441 --- [    Test worker] i.n.r.d.DnsServerAddressStreamProviders  : Unable to load io.netty.resolver.dns.macos.MacOSDnsServerAddressStreamProvider, fallback to system defaults. This may result in incorrect DNS resolutions on MacOS. Check whether you have a dependency on 'io.netty:netty-resolver-dns-native-macos'. Use DEBUG level to see the full stack: java.lang.UnsatisfiedLinkError: failed to load the required native library
2025-09-16T00:25:54.460+02:00  INFO 55441 --- [o-auto-1-exec-1] o.a.c.c.C.[Tomcat].[localhost].[/]       : Initializing Spring DispatcherServlet 'dispatcherServlet'
2025-09-16T00:25:54.460+02:00  INFO 55441 --- [o-auto-1-exec-1] o.s.web.servlet.DispatcherServlet        : Initializing Servlet 'dispatcherServlet'
2025-09-16T00:25:54.460+02:00  INFO 55441 --- [o-auto-1-exec-1] o.s.web.servlet.DispatcherServlet        : Completed initialization in 0 ms
]]></system-out>
  <system-err><![CDATA[]]></system-err>
</testsuite>
