<?xml version="1.0" encoding="UTF-8"?>
<testsuite name="com.polarbookshop.catalogservice.CatalogServiceApplicationTests" tests="1" skipped="0" failures="0" errors="0" timestamp="2025-09-19T09:34:49.814Z" hostname="mac.home" time="0.523">
  <properties/>
  <testcase name="whenPostRequestThenBookCreated()" classname="com.polarbookshop.catalogservice.CatalogServiceApplicationTests" time="0.523"/>
  <system-out><![CDATA[11:34:47.102 [Test worker] INFO org.springframework.test.context.support.AnnotationConfigContextLoaderUtils -- Could not detect default configuration classes for test class [com.polarbookshop.catalogservice.CatalogServiceApplicationTests]: CatalogServiceApplicationTests does not declare any static, non-private, non-final, nested classes annotated with @Configuration.
11:34:47.143 [Test worker] INFO org.springframework.boot.test.context.SpringBootTestContextBootstrapper -- Found @SpringBootConfiguration com.polarbookshop.catalogservice.CatalogServiceApplication for test class com.polarbookshop.catalogservice.CatalogServiceApplicationTests

  .   ____          _            __ _ _
 /\\ / ___'_ __ _ _(_)_ __  __ _ \ \ \ \
( ( )\___ | '_ | '_| | '_ \/ _` | \ \ \ \
 \\/  ___)| |_)| | | | | || (_| |  ) ) ) )
  '  |____| .__|_| |_|_| |_\__, | / / / /
 =========|_|==============|___/=/_/_/_/

 :: Spring Boot ::                (v3.5.5)

2025-09-19T11:34:47.492+02:00  INFO 76029 --- [catalog-service] [    Test worker] c.p.c.CatalogServiceApplicationTests     : Starting CatalogServiceApplicationTests using Java 17.0.14 with PID 76029 (started by karim in /Users/karim/IdeaProjects/catalog-service)
2025-09-19T11:34:47.493+02:00  INFO 76029 --- [catalog-service] [    Test worker] c.p.c.CatalogServiceApplicationTests     : The following 1 profile is active: "integration"
2025-09-19T11:34:47.499+02:00  INFO 76029 --- [catalog-service] [    Test worker] o.s.c.c.c.ConfigServerConfigDataLoader   : Fetching config from server at : http://localhost:8888
2025-09-19T11:34:47.499+02:00  INFO 76029 --- [catalog-service] [    Test worker] o.s.c.c.c.ConfigServerConfigDataLoader   : Exception on Url - http://localhost:8888:org.springframework.web.client.ResourceAccessException: I/O error on GET request for "http://localhost:8888/catalog-service/default": Connection refused. Will be trying the next url if available
2025-09-19T11:34:47.499+02:00  WARN 76029 --- [catalog-service] [    Test worker] o.s.c.c.c.ConfigServerConfigDataLoader   : Could not locate PropertySource ([ConfigServerConfigDataResource@176f7f3b uris = array<String>['http://localhost:8888'], optional = true, profiles = 'default']): I/O error on GET request for "http://localhost:8888/catalog-service/default": Connection refused
2025-09-19T11:34:47.499+02:00  INFO 76029 --- [catalog-service] [    Test worker] o.s.c.c.c.ConfigServerConfigDataLoader   : Fetching config from server at : http://localhost:8888
2025-09-19T11:34:47.499+02:00  INFO 76029 --- [catalog-service] [    Test worker] o.s.c.c.c.ConfigServerConfigDataLoader   : Exception on Url - http://localhost:8888:org.springframework.web.client.ResourceAccessException: I/O error on GET request for "http://localhost:8888/catalog-service/integration": Connection refused. Will be trying the next url if available
2025-09-19T11:34:47.499+02:00  WARN 76029 --- [catalog-service] [    Test worker] o.s.c.c.c.ConfigServerConfigDataLoader   : Could not locate PropertySource ([ConfigServerConfigDataResource@617389a uris = array<String>['http://localhost:8888'], optional = true, profiles = 'integration']): I/O error on GET request for "http://localhost:8888/catalog-service/integration": Connection refused
2025-09-19T11:34:47.499+02:00  INFO 76029 --- [catalog-service] [    Test worker] o.s.c.c.c.ConfigServerConfigDataLoader   : Fetching config from server at : http://localhost:8888
2025-09-19T11:34:47.499+02:00  INFO 76029 --- [catalog-service] [    Test worker] o.s.c.c.c.ConfigServerConfigDataLoader   : Exception on Url - http://localhost:8888:org.springframework.web.client.ResourceAccessException: I/O error on GET request for "http://localhost:8888/catalog-service/default": Connection refused. Will be trying the next url if available
2025-09-19T11:34:47.499+02:00  WARN 76029 --- [catalog-service] [    Test worker] o.s.c.c.c.ConfigServerConfigDataLoader   : Could not locate PropertySource ([ConfigServerConfigDataResource@1c8f6a90 uris = array<String>['http://localhost:8888'], optional = true, profiles = 'default']): I/O error on GET request for "http://localhost:8888/catalog-service/default": Connection refused
2025-09-19T11:34:47.795+02:00  INFO 76029 --- [catalog-service] [    Test worker] .s.d.r.c.RepositoryConfigurationDelegate : Bootstrapping Spring Data JDBC repositories in DEFAULT mode.
2025-09-19T11:34:47.840+02:00  INFO 76029 --- [catalog-service] [    Test worker] .s.d.r.c.RepositoryConfigurationDelegate : Finished Spring Data repository scanning in 42 ms. Found 1 JDBC repository interface.
2025-09-19T11:34:47.895+02:00  INFO 76029 --- [catalog-service] [    Test worker] o.s.cloud.context.scope.GenericScope     : BeanFactory id=edec4cc2-7708-302d-8f09-4df27eb65d95
2025-09-19T11:34:48.032+02:00  INFO 76029 --- [catalog-service] [    Test worker] o.s.b.w.embedded.tomcat.TomcatWebServer  : Tomcat initialized with port 0 (http)
2025-09-19T11:34:48.038+02:00  INFO 76029 --- [catalog-service] [    Test worker] o.apache.catalina.core.StandardService   : Starting service [Tomcat]
2025-09-19T11:34:48.038+02:00  INFO 76029 --- [catalog-service] [    Test worker] o.apache.catalina.core.StandardEngine    : Starting Servlet engine: [Apache Tomcat/10.1.44]
2025-09-19T11:34:48.063+02:00  INFO 76029 --- [catalog-service] [    Test worker] o.a.c.c.C.[Tomcat].[localhost].[/]       : Initializing Spring embedded WebApplicationContext
2025-09-19T11:34:48.063+02:00  INFO 76029 --- [catalog-service] [    Test worker] w.s.c.ServletWebServerApplicationContext : Root WebApplicationContext: initialization completed in 564 ms
2025-09-19T11:34:48.136+02:00  INFO 76029 --- [catalog-service] [    Test worker] com.zaxxer.hikari.HikariDataSource       : HikariPool-1 - Starting...
2025-09-19T11:34:48.151+02:00  INFO 76029 --- [catalog-service] [    Test worker] o.t.utility.ImageNameSubstitutor         : Image name substitution will be performed by: DefaultImageNameSubstitutor (composite of 'ConfigurationFileImageNameSubstitutor' and 'PrefixingImageNameSubstitutor')
2025-09-19T11:34:48.158+02:00  INFO 76029 --- [catalog-service] [    Test worker] o.t.d.DockerClientProviderStrategy       : Loaded org.testcontainers.dockerclient.UnixSocketClientProviderStrategy from ~/.testcontainers.properties, will try it first
2025-09-19T11:34:48.281+02:00  INFO 76029 --- [catalog-service] [    Test worker] o.t.d.DockerClientProviderStrategy       : Found Docker environment with local Unix socket (unix:///var/run/docker.sock)
2025-09-19T11:34:48.281+02:00  INFO 76029 --- [catalog-service] [    Test worker] org.testcontainers.DockerClientFactory   : Docker host IP address is localhost
2025-09-19T11:34:48.292+02:00  INFO 76029 --- [catalog-service] [    Test worker] org.testcontainers.DockerClientFactory   : Connected to docker: 
  Server Version: 28.4.0
  API Version: 1.51
  Operating System: Docker Desktop
  Total Memory: 7836 MB
2025-09-19T11:34:48.383+02:00  INFO 76029 --- [catalog-service] [    Test worker] ]]>&#x1f433;<![CDATA[ [testcontainers/ryuk:0.3.3]           : Creating container for image: testcontainers/ryuk:0.3.3
2025-09-19T11:34:48.488+02:00  INFO 76029 --- [catalog-service] [    Test worker] o.t.utility.RegistryAuthLocator          : Credential helper/store (docker-credential-desktop) does not have credentials for https://index.docker.io/v1/
2025-09-19T11:34:48.532+02:00  INFO 76029 --- [catalog-service] [    Test worker] ]]>&#x1f433;<![CDATA[ [testcontainers/ryuk:0.3.3]           : Container testcontainers/ryuk:0.3.3 is starting: 455e7d0d631a6a40f0e6df88214a878c0453c6a2cde264457ef41b106eb43511
2025-09-19T11:34:48.638+02:00  INFO 76029 --- [catalog-service] [    Test worker] ]]>&#x1f433;<![CDATA[ [testcontainers/ryuk:0.3.3]           : Container testcontainers/ryuk:0.3.3 started in PT0.342645S
2025-09-19T11:34:48.641+02:00  INFO 76029 --- [catalog-service] [    Test worker] o.t.utility.RyukResourceReaper           : Ryuk started - will monitor and terminate Testcontainers containers on JVM exit
2025-09-19T11:34:48.641+02:00  INFO 76029 --- [catalog-service] [    Test worker] org.testcontainers.DockerClientFactory   : Checking the system...
2025-09-19T11:34:48.641+02:00  INFO 76029 --- [catalog-service] [    Test worker] org.testcontainers.DockerClientFactory   : ✔︎ Docker server version should be at least 1.6.0
2025-09-19T11:34:48.641+02:00  INFO 76029 --- [catalog-service] [    Test worker] ]]>&#x1f433;<![CDATA[ [postgres:14.4]                       : Creating container for image: postgres:14.4
2025-09-19T11:34:48.667+02:00  INFO 76029 --- [catalog-service] [    Test worker] ]]>&#x1f433;<![CDATA[ [postgres:14.4]                       : Container postgres:14.4 is starting: c84de41aebe5fdb37885368311407e9b951fda04d1e9961104279a8c04208735
2025-09-19T11:34:49.273+02:00  INFO 76029 --- [catalog-service] [    Test worker] ]]>&#x1f433;<![CDATA[ [postgres:14.4]                       : Container postgres:14.4 started in PT0.631476S
2025-09-19T11:34:49.355+02:00  INFO 76029 --- [catalog-service] [    Test worker] com.zaxxer.hikari.pool.HikariPool        : HikariPool-1 - Added connection org.testcontainers.jdbc.ConnectionWrapper@2fd05b15
2025-09-19T11:34:49.356+02:00  INFO 76029 --- [catalog-service] [    Test worker] com.zaxxer.hikari.HikariDataSource       : HikariPool-1 - Start completed.
2025-09-19T11:34:49.624+02:00  INFO 76029 --- [catalog-service] [    Test worker] o.s.b.a.e.web.EndpointLinksResolver      : Exposing 1 endpoint beneath base path '/actuator'
2025-09-19T11:34:49.731+02:00  INFO 76029 --- [catalog-service] [    Test worker] o.s.b.w.embedded.tomcat.TomcatWebServer  : Tomcat started on port 51830 (http) with context path '/'
2025-09-19T11:34:49.742+02:00  INFO 76029 --- [catalog-service] [    Test worker] c.p.c.CatalogServiceApplicationTests     : Started CatalogServiceApplicationTests in 2.508 seconds (process running for 2.9)
2025-09-19T11:34:50.125+02:00 ERROR 76029 --- [catalog-service] [    Test worker] i.n.r.d.DnsServerAddressStreamProviders  : Unable to load io.netty.resolver.dns.macos.MacOSDnsServerAddressStreamProvider, fallback to system defaults. This may result in incorrect DNS resolutions on MacOS. Check whether you have a dependency on 'io.netty:netty-resolver-dns-native-macos'. Use DEBUG level to see the full stack: java.lang.UnsatisfiedLinkError: failed to load the required native library
2025-09-19T11:34:50.203+02:00  INFO 76029 --- [catalog-service] [o-auto-1-exec-1] o.a.c.c.C.[Tomcat].[localhost].[/]       : Initializing Spring DispatcherServlet 'dispatcherServlet'
2025-09-19T11:34:50.204+02:00  INFO 76029 --- [catalog-service] [o-auto-1-exec-1] o.s.web.servlet.DispatcherServlet        : Initializing Servlet 'dispatcherServlet'
2025-09-19T11:34:50.204+02:00  INFO 76029 --- [catalog-service] [o-auto-1-exec-1] o.s.web.servlet.DispatcherServlet        : Completed initialization in 0 ms
]]></system-out>
  <system-err><![CDATA[]]></system-err>
</testsuite>
